Arguments: 
  /usr/local/bin/node /usr/local/Cellar/yarn/1.16.0/libexec/bin/yarn.js

PATH: 
  /usr/local/bin:/usr/bin:/bin:/usr/sbin:/sbin:/opt/X11/bin

Yarn version: 
  1.16.0

Node version: 
  10.15.3

Platform: 
  darwin x64

Trace: 
  SyntaxError: /Users/dusblinov/Sites/getjuice/braintree-venmo-integration/server/package.json: Unexpected token } in JSON at position 409
      at JSON.parse (<anonymous>)
      at /usr/local/Cellar/yarn/1.16.0/libexec/lib/cli.js:1625:59
      at Generator.next (<anonymous>)
      at step (/usr/local/Cellar/yarn/1.16.0/libexec/lib/cli.js:304:30)
      at /usr/local/Cellar/yarn/1.16.0/libexec/lib/cli.js:315:13

npm manifest: 
  {
    "name": "braintree-venmo-server-example",
    "version": "1.0.0",
    "description": "",
    "scripts": {
      "start": "NODE_ENV=production node build/server.js",
      "prod": "NODE_ENV=production nodemon --watch src src/server.js --exec babel-node",
      "server": "NODE_ENV=development nodemon --watch src --watch config src/server.js --exec babel-node",
      "buildServer": "babel src -d build --copy-files",
    },
    "dependencies": {
      "body-parser": "^1.18.2",
      "braintree": "^2.7.0",
      "compression": "^1.7.1",
      "config": "^1.29.4",
      "express": "^4.16.3"
    },
    "repository": {
      "type": "git",
      "url": ""
    },
    "keywords": [
      "node"
    ],
    "license": "",
    "devDependencies": {
      "babel-core": "^6.26.0",
      "babel-plugin-transform-runtime": "^6.23.0",
      "babel-preset-env": "^1.6.1",
      "babel-preset-stage-2": "^6.24.1",
      "nodemon": "^1.14.12"
    }
  }

yarn manifest: 
  No manifest

Lockfile: 
  No lockfile
